Arguments: 
  C:\Program Files\nodejs\node.exe C:\Users\surjr\AppData\Roaming\npm\node_modules\yarn\bin\yarn.js add react-query

PATH: 
  C:\Users\surjr\bin;C:\Program Files\Git\mingw64\bin;C:\Program Files\Git\usr\local\bin;C:\Program Files\Git\usr\bin;C:\Program Files\Git\usr\bin;C:\Program Files\Git\cmd;C:\ffmpeg\bin;C:\Program Files\Common Files\Oracle\Java\javapath;C:\windows\system32;C:\windows;C:\windows\System32\Wbem;C:\windows\System32\WindowsPowerShell\v1.0;C:\windows\System32\OpenSSH;C:\Program Files\NVIDIA Corporation\NVIDIA NvDLISR;C:\Program Files\Git\cmd;C:\MinGW\bin;C:\Program Files\Microsoft SQL Server\Client SDK\ODBC\110\Tools\Binn;C:\Program Files (x86)\Microsoft SQL Server\120\Tools\Binn;C:\Program Files\Microsoft SQL Server\120\Tools\Binn;C:\Program Files\Microsoft SQL Server\120\DTS\Binn;C:\Program Files (x86)\Windows Kits\8.1\Windows Performance Toolkit;C:\Program Files\nodejs;C:\ProgramData\chocolatey\bin;C:\WINDOWS\system32;C:\WINDOWS;C:\WINDOWS\System32\Wbem;C:\WINDOWS\System32\WindowsPowerShell\v1.0;C:\WINDOWS\System32\OpenSSH;C:\Program Files (x86)\NVIDIA Corporation\PhysX\Common;C:\Program Files\PuTTY;C:\Program Files\MySQL\MySQL Shell 8.0\bin;C:\Users\surjr\AppData\Local\Programs\Python\Python310\Scripts;C:\Users\surjr\AppData\Local\P;C:\Program Files\Docker\Docker\resources\bin;C:\Users\surjr\.console-ninja\.bin;C:\Program Files\MySQL\MySQL Shell 8.0\bin;C:\Users\surjr\AppData\Local\Programs\Python\Python310\Scripts;C:\Users\surjr\AppData\Local\Programs\Python\Python310;C:\Users\surjr\AppData\Local\Microsoft\WindowsApps;C:\Users\surjr\AppData\Local\Programs\Microsoft VS Code\bin;C:\Users\surjr\AppData\Roaming\npm;C:\Users\surjr\AppData\Local\Programs\mongosh;C:\Program Files\MongoDB\Server\6.0\bin;C:\MinGW\bin;C:\Users\surjr\AppData\Local\Programs\oh-my-posh\bin;C:\Users\surjr\AppData\Local\Programs\MiKTeX\miktex\bin\x64;C:\Users\surjr\AppData\Local\Programs\Hyper\resources\bin;C:\Program Files\heroku\bin;C:\src\flutter\bin;C:\Program Files\Git\usr\bin\vendor_perl;C:\Program Files\Git\usr\bin\core_perl

Yarn version: 
  1.22.19

Node version: 
  16.16.0

Platform: 
  win32 x64

Trace: 
  Error: https://registry.yarnpkg.com/@emotion%2freact: tunneling socket could not be established, cause=connect ECONNREFUSED 14.139.34.9:8080
      at ClientRequest.onError (C:\Users\surjr\AppData\Roaming\npm\node_modules\yarn\lib\cli.js:152376:17)
      at Object.onceWrapper (node:events:642:26)
      at ClientRequest.emit (node:events:527:28)
      at Socket.socketErrorListener (node:_http_client:454:9)
      at Socket.emit (node:events:527:28)
      at emitErrorNT (node:internal/streams/destroy:157:8)
      at emitErrorCloseNT (node:internal/streams/destroy:122:3)
      at processTicksAndRejections (node:internal/process/task_queues:83:21)

npm manifest: 
  {
    "name": "vite",
    "private": true,
    "version": "0.0.0",
    "type": "module",
    "scripts": {
      "dev": "vite",
      "build": "vite build",
      "lint": "eslint src --ext js,jsx --report-unused-disable-directives --max-warnings 0",
      "preview": "vite preview"
    },
    "dependencies": {
      "@emotion/react": "^11.11.1",
      "@emotion/styled": "^11.11.0",
      "@mui/icons-material": "^5.11.16",
      "@mui/material": "^5.13.6",
      "react": "^18.2.0",
      "react-dom": "^18.2.0",
      "react-router-dom": "^6.14.0",
      "sass": "^1.63.6"
    },
    "devDependencies": {
      "@types/react": "^18.0.28",
      "@types/react-dom": "^18.0.11",
      "@vitejs/plugin-react": "^4.0.0",
      "eslint": "^8.38.0",
      "eslint-plugin-react": "^7.25.3",
      "eslint-plugin-react-hooks": "^4.6.0",
      "eslint-plugin-react-refresh": "^0.3.4",
      "vite": "^4.3.2"
    }
  }

yarn manifest: 
  No manifest

Lockfile: 
  No lockfile
